<?xml version='1.0' encoding='UTF-8'?>
<testsuite hostname="DESKTOP-HIJL9CP" name="LivreTest" tests="4" errors="0" failures="0" skipped="0" time="0.14" timestamp="2023-10-31T01:40:41">
          <properties>
      <property name="java.specification.version" value="17"/><property name="sun.cpu.isalist" value="amd64"/><property name="sun.jnu.encoding" value="Cp1252"/><property name="sun.arch.data.model" value="64"/><property name="java.vendor.url" value="https://java.oracle.com/"/><property name="sun.boot.library.path" value="C:\Program Files\Java\jdk-17.0.1\bin"/><property name="sun.java.command" value="xsbt.boot.Boot test"/><property name="jdk.debug" value="release"/><property name="sun.stderr.encoding" value="cp850"/><property name="java.specification.vendor" value="Oracle Corporation"/><property name="java.version.date" value="2021-10-19"/><property name="java.home" value="C:\Program Files\Java\jdk-17.0.1"/><property name="file.separator" value="\"/><property name="java.vm.compressedOopsMode" value="32-bit"/><property name="line.separator" value="
"/><property name="sun.stdout.encoding" value="cp850"/><property name="java.vm.specification.vendor" value="Oracle Corporation"/><property name="java.specification.name" value="Java Platform API Specification"/><property name="user.script" value=""/><property name="sun.management.compiler" value="HotSpot 64-Bit Tiered Compilers"/><property name="java.runtime.version" value="17.0.1+12-LTS-39"/><property name="user.name" value="ADMIN"/><property name="log4j.ignoreTCL" value="true"/><property name="file.encoding" value="UTF-8"/><property name="jnidispatch.path" value="C:\Users\ADMIN\AppData\Local\Temp\jna-62130991\jna194586376608868140.dll"/><property name="jna.loaded" value="true"/><property name="java.io.tmpdir" value="C:\Users\ADMIN\AppData\Local\Temp\"/><property name="java.version" value="17.0.1"/><property name="java.vm.specification.name" value="Java Virtual Machine Specification"/><property name="sun.os.patch.level" value=""/><property name="native.encoding" value="Cp1252"/><property name="java.library.path" value="C:\Program Files\Java\jdk-17.0.1\bin;C:\WINDOWS\Sun\Java\bin;C:\WINDOWS\system32;C:\WINDOWS;C:\Program Files\IBM\ILOG\CPLEX_Studio2211\opl\bin\x64_win64;C:\Program Files\IBM\ILOG\CPLEX_Studio2211\opl\oplide\;C:\Program Files\IBM\ILOG\CPLEX_Studio2211\cplex\bin\x64_win64;C:\Program Files\IBM\ILOG\CPLEX_Studio2211\cpoptimizer\bin\x64_win64;C:\Program Files (x86)\VMware\VMware Workstation\bin\;C:\Program Files\Common Files\Oracle\Java\javapath;C:\Program Files (x86)\Common Files\Oracle\Java\javapath;C:\Program Files\Python39\Scripts\;C:\Program Files\Python39\;C:\WINDOWS\system32;C:\WINDOWS;C:\WINDOWS\System32\Wbem;C:\WINDOWS\System32\WindowsPowerShell\v1.0\;C:\WINDOWS\System32\OpenSSH\;C:\Program Files\MiKTeX\miktex\bin\x64\;C:\ProgramData\ComposerSetup\bin;C:\Program Files\MongoDB\Server\4.4\bin;C:\Program Files\Java\jdk-17.0.1\bin;C:\Program Files\Azure Data Studio\bin;C:\Program Files\Git\cmd;C:\Program Files\Microsoft SQL Server\Client SDK\ODBC\170\Tools\Binn\;C:\Program Files (x86)\Microsoft SQL Server\150\Tools\Binn\;C:\Program Files\Microsoft SQL Server\150\Tools\Binn\;C:\Program Files\Microsoft SQL Server\150\DTS\Binn\;C:\Program Files (x86)\Microsoft SQL Server\150\DTS\Binn\;C:\Program Files\Microsoft SQL Server\130\Tools\Binn\;C:\Program Files (x86)\Microsoft SQL Server\110\DTS\Binn\;C:\Program Files (x86)\Microsoft SQL Server\120\DTS\Binn\;C:\Program Files (x86)\Microsoft SQL Server\130\DTS\Binn\;C:\Program Files (x86)\Microsoft SQL Server\140\DTS\Binn\;C:\MinGW\bin;&quot;C:\Users\ADMIN\Downloads\SDL2-devel-2.26.1-mingw\SDL2-2.26.1\x86_64-w64-mingw32\lib\pkgconfig;C:\MinGW\bin\pkg-config.exe&quot;;C:\Program Files\Docker\Docker\resources\bin;C:\Users\ADMIN\AppData\Local\Programs\MiKTeX\miktex\bin;C:\Program Files (x86)\sbt\bin;C:\Program Files (x86)\sbt\bin\sbt;C:\Program Files\MySQL\MySQL Shell 8.0\bin\;C:\Users\ADMIN\scoop\shims;C:\Users\ADMIN\AppData\Local\Microsoft\WindowsApps;'C:\Users\ADMIN\AppData\Roaming\Python\Python39\Scripts';C:\Users\ADMIN\AppData\Local\Programs\Microsoft VS Code\bin;C:\Users\ADMIN\AppData\Roaming\Python\Python39\Scripts;C:\xampp\php;C:\Users\ADMIN\AppData\Roaming\Composer\vendor\bin;C:\Program Files\JetBrains\IntelliJ IDEA Community Edition 2021.2.3\bin;C:\Program Files\Azure Data Studio\bin;C:\Users\ADMIN\AppData\Local\Programs\MiKTeX\miktex\bin\x64\;C:\Users\ADMIN\AppData\Roaming\TinyTeX\bin\win32;C:\sdl\SDL2-2.26.1\lib\x86;C:\MinGW\bin;&quot;C:\Users\ADMIN\Downloads\SDL2-devel-2.26.1-mingw\SDL2-2.26.1\x86_64-w64-mingw32\lib\pkgconfig;C:\MinGW\bin\pkg-config.exe&quot;;;C:\Users\ADMIN\AppData\Local\Programs\Julia-1.8.5\bin;C:\Program Files\JetBrains\PyCharm 2023.1\bin;;."/><property name="java.vendor" value="Oracle Corporation"/><property name="scala.ext.dirs" value="C:\Users\ADMIN\.sbt\1.0\java9-rt-ext-oracle_corporation_17_0_1"/><property name="sun.io.unicode.encoding" value="UnicodeLittle"/><property name="java.class.path" value="C:\Program Files (x86)\sbt\\bin\sbt-launch.jar"/><property name="java.vm.vendor" value="Oracle Corporation"/><property name="user.variant" value=""/><property name="jline.shutdownhook" value="false"/><property name="user.timezone" value="Europe/Paris"/><property name="java.vm.specification.version" value="17"/><property name="os.name" value="Windows 10"/><property name="sun.java.launcher" value="SUN_STANDARD"/><property name="user.country" value="FR"/><property name="sun.cpu.endian" value="little"/><property name="user.home" value="C:\Users\ADMIN"/><property name="user.language" value="fr"/><property name="sbt.ipcsocket.tmpdir" value="C:\Users\ADMIN\AppData\Local\Temp\.sbtf6c7e774\ipcsocket"/><property name="swoval.tmpdir" value="C:\Users\ADMIN\AppData\Local\Temp\.sbtf6c7e774\swoval"/><property name="jline.esc.timeout" value="0"/><property name="path.separator" value=";"/><property name="os.version" value="10.0"/><property name="jna.nosys" value="true"/><property name="java.runtime.name" value="Java(TM) SE Runtime Environment"/><property name="java.vm.name" value="Java HotSpot(TM) 64-Bit Server VM"/><property name="java.vendor.url.bug" value="https://bugreport.java.com/bugreport/"/><property name="user.dir" value="C:\Users\ADMIN\IdeaProjects\Projet biblio"/><property name="os.arch" value="amd64"/><property name="java.vm.info" value="mixed mode, sharing"/><property name="java.vm.version" value="17.0.1+12-LTS-39"/><property name="java.class.version" value="61.0"/>
    </properties>
          <testcase classname="LivreTest" name="Livre should être emprunté avec succès" time="0.113">
                      
                    </testcase><testcase classname="LivreTest" name="Livre should gérer l'emprunt d'un livre déjà emprunté" time="0.017">
                      
                    </testcase><testcase classname="LivreTest" name="Livre should être rendu avec succès" time="0.007">
                      
                    </testcase><testcase classname="LivreTest" name="Livre should gérer le retour d'un livre non emprunté" time="0.003">
                      
                    </testcase>
          <system-out><![CDATA[]]></system-out>
          <system-err><![CDATA[]]></system-err>
        </testsuite>